<?xml version="1.0" encoding="UTF-8"?>
<testsuite name="LibraryTest" tests="1" skipped="0" failures="0" errors="0" timestamp="2019-08-06T19:07:31" hostname="UT-108L-301BCP" time="0.005">
  <properties/>
  <testcase name="testSomeLibraryMethod" classname="LibraryTest" time="0.005"/>
  <system-out><![CDATA[]]></system-out>
  <system-err><![CDATA[]]></system-err>
</testsuite>
